<?xml version="1.0" encoding="UTF-8"?>
<!-- Generated by org.testng.reporters.JUnitReportReporter -->
<testsuite skipped="0" hostname="Infva06186" name="day10.FirstScript" tests="1" failures="0" timestamp="15 Mar 2019 18:32:17 GMT" time="2.615" errors="0">
  <testcase name="f" time="2.615" classname="day10.FirstScript"/>
</testsuite> <!-- day10.FirstScript -->
