<?xml version="1.0" encoding="UTF-8"?>
<testsuite xmlns:xsi="http://www.w3.org/2001/XMLSchema-instance" xsi:noNamespaceSchemaLocation="https://maven.apache.org/surefire/maven-surefire-plugin/xsd/surefire-test-report.xsd" name="TestSuite" time="8.264" tests="1" errors="0" skipped="0" failures="0">
  <properties>
    <property name="java.vendor" value="Oracle Corporation"/>
    <property name="JOB_NAME" value="DEMOSEL"/>
    <property name="sun.java.launcher" value="SUN_STANDARD"/>
    <property name="NUMBER_OF_PROCESSORS" value="4"/>
    <property name="sun.management.compiler" value="HotSpot 64-Bit Tiered Compilers"/>
    <property name="JENKINS_HOME" value="C:\Users\vshadmin\.jenkins"/>
    <property name="FPS_BROWSER_USER_PROFILE_STRING" value="Default"/>
    <property name="HUDSON_SERVER_COOKIE" value="c169df3ea641a9dd"/>
    <property name="POM_ARTIFACTID" value="SEL756_TSL"/>
    <property name="os.name" value="Windows 10"/>
    <property name="sun.boot.class.path" value="C:\Program Files\Java\jdk1.8.0_131\jre\lib\resources.jar;C:\Program Files\Java\jdk1.8.0_131\jre\lib\rt.jar;C:\Program Files\Java\jdk1.8.0_131\jre\lib\sunrsasign.jar;C:\Program Files\Java\jdk1.8.0_131\jre\lib\jsse.jar;C:\Program Files\Java\jdk1.8.0_131\jre\lib\jce.jar;C:\Program Files\Java\jdk1.8.0_131\jre\lib\charsets.jar;C:\Program Files\Java\jdk1.8.0_131\jre\lib\jfr.jar;C:\Program Files\Java\jdk1.8.0_131\jre\classes"/>
    <property name="EXECUTOR_NUMBER" value="0"/>
    <property name="sun.desktop" value="windows"/>
    <property name="PATHEXT" value=".COM;.EXE;.BAT;.CMD;.VBS;.VBE;.JS;.JSE;.WSF;.WSH;.MSC"/>
    <property name="java.vm.specification.vendor" value="Oracle Corporation"/>
    <property name="POM_DISPLAYNAME" value="SEL756_TSL"/>
    <property name="NODE_LABELS" value="master"/>
    <property name="TEMP" value="C:\Users\vshadmin\AppData\Local\Temp"/>
    <property name="java.runtime.version" value="1.8.0_131-b11"/>
    <property name="FPS_BROWSER_APP_PROFILE_STRING" value="Internet Explorer"/>
    <property name="user.name" value="vshadmin"/>
    <property name="guice.disable.misplaced.annotation.check" value="true"/>
    <property name="CommonProgramW6432" value="C:\Program Files\Common Files"/>
    <property name="ProgramFiles" value="C:\Program Files"/>
    <property name="PROMPT" value="$P$G"/>
    <property name="=A:" value="A:\"/>
    <property name="user.language" value="en"/>
    <property name="JOB_BASE_NAME" value="DEMOSEL"/>
    <property name="RUN_CHANGES_DISPLAY_URL" value="http://localhost:9090/job/DEMOSEL/92/display/redirect?page=changes"/>
    <property name="BUILD_DISPLAY_NAME" value="#92"/>
    <property name="OneDrive" value="C:\Users\vshadmin\OneDrive"/>
    <property name="sun.boot.library.path" value="C:\Program Files\Java\jdk1.8.0_131\jre\bin"/>
    <property name="LOCALAPPDATA" value="C:\Users\vshadmin\AppData\Local"/>
    <property name="java.version" value="1.8.0_131"/>
    <property name="PROCESSOR_LEVEL" value="6"/>
    <property name="user.timezone" value="America/Indianapolis"/>
    <property name="USERNAME" value="vshadmin"/>
    <property name="sun.arch.data.model" value="64"/>
    <property name="NODE_NAME" value="master"/>
    <property name="java.endorsed.dirs" value="C:\Program Files\Java\jdk1.8.0_131\jre\lib\endorsed"/>
    <property name="BUILD_ID" value="92"/>
    <property name="sun.cpu.isalist" value="amd64"/>
    <property name="sun.jnu.encoding" value="Cp1252"/>
    <property name="file.encoding.pkg" value="sun.io"/>
    <property name="file.separator" value="\"/>
    <property name="java.specification.name" value="Java Platform API Specification"/>
    <property name="HOMEDRIVE" value="C:"/>
    <property name="maven.conf" value="D:\Jar2\apache-maven-3.5.4-bin\apache-maven-3.5.4\conf"/>
    <property name="java.class.version" value="52.0"/>
    <property name="=::" value="::\"/>
    <property name="org.slf4j.simpleLogger.defaultLogLevel" value="info"/>
    <property name="user.country" value="IN"/>
    <property name="ALLUSERSPROFILE" value="C:\ProgramData"/>
    <property name="java.home" value="C:\Program Files\Java\jdk1.8.0_131\jre"/>
    <property name="java.vm.info" value="mixed mode"/>
    <property name="os.version" value="10.0"/>
    <property name="=ExitCode" value="00000001"/>
    <property name="RUN_DISPLAY_URL" value="http://localhost:9090/job/DEMOSEL/92/display/redirect"/>
    <property name="POM_VERSION" value="0.0.1-SNAPSHOT"/>
    <property name="TMP" value="C:\Users\vshadmin\AppData\Local\Temp"/>
    <property name="path.separator" value=";"/>
    <property name="java.vm.version" value="25.131-b11"/>
    <property name="user.variant" value=""/>
    <property name="JOB_DISPLAY_URL" value="http://localhost:9090/job/DEMOSEL/display/redirect"/>
    <property name="CommonProgramFiles(x86)" value="C:\Program Files (x86)\Common Files"/>
    <property name="USERDOMAIN_ROAMINGPROFILE" value="INFVA06186"/>
    <property name="java.awt.printerjob" value="sun.awt.windows.WPrinterJob"/>
    <property name="JAVA_HOME" value="C:\Program Files\Java\jdk1.8.0_131"/>
    <property name="sun.io.unicode.encoding" value="UnicodeLittle"/>
    <property name="CommonProgramFiles" value="C:\Program Files\Common Files"/>
    <property name="ComSpec" value="C:\Windows\system32\cmd.exe"/>
    <property name="awt.toolkit" value="sun.awt.windows.WToolkit"/>
    <property name="HOMEPATH" value="\Users\vshadmin"/>
    <property name="POM_PACKAGING" value="jar"/>
    <property name="user.script" value=""/>
    <property name="COMPUTERNAME" value="INFVA06186"/>
    <property name="POM_GROUPID" value="in.lnt"/>
    <property name="user.home" value="C:\Users\vshadmin"/>
    <property name="PUBLIC" value="C:\Users\Public"/>
    <property name="BUILD_TAG" value="jenkins-DEMOSEL-92"/>
    <property name="JENKINS_SERVER_COOKIE" value="c169df3ea641a9dd"/>
    <property name="HUDSON_URL" value="http://localhost:9090/"/>
    <property name="ProgramData" value="C:\ProgramData"/>
    <property name="java.specification.vendor" value="Oracle Corporation"/>
    <property name="USERPROFILE" value="C:\Users\vshadmin"/>
    <property name="CLASSPATH" value=""/>
    <property name="java.vendor.url" value="http://java.oracle.com/"/>
    <property name="java.library.path" value="C:\Program Files\Java\jdk1.8.0_131\bin;C:\Windows\Sun\Java\bin;C:\Windows\system32;C:\Windows;D:\Jar2\apache-maven-3.5.4-bin\apache-maven-3.5.4/bin;C:\Program Files\Java\jdk1.8.0_131/bin;C:\Program Files\Java\jdk1.8.0_131/bin;C:\oraclexe\app\oracle\product\10.2.0\server\bin;C:\Program Files\Common Files\Microsoft Shared\Microsoft Online Services;C:\Program Files (x86)\Common Files\Microsoft Shared\Microsoft Online Services;C:\Program Files (x86)\Common Files\Oracle\Java\javapath;C:\Windows\system32;C:\Windows;C:\Windows\System32\Wbem;C:\Windows\System32\WindowsPowerShell\v1.0\;C:\Windows\System32\OpenSSH\;C:\Program Files\TortoiseSVN\bin;C:\Users\vshadmin\AppData\Local\Microsoft\WindowsApps;D:\Jar2\apache-maven-3.5.4-bin\apache-maven-3.5.4\bin;D:\Jar2\allure-2.7.0\allure-2.7.0\bin;;."/>
    <property name="java.vm.vendor" value="Oracle Corporation"/>
    <property name="APPDATA" value="C:\Users\vshadmin\AppData\Roaming"/>
    <property name="java.runtime.name" value="Java(TM) SE Runtime Environment"/>
    <property name="maven.home" value="D:\Jar2\apache-maven-3.5.4-bin\apache-maven-3.5.4"/>
    <property name="java.class.path" value="C:\Users\vshadmin\.jenkins\plugins\maven-plugin\WEB-INF\lib\maven35-agent-1.12.jar;D:\Jar2\apache-maven-3.5.4-bin\apache-maven-3.5.4\boot\plexus-classworlds-2.5.2.jar;D:\Jar2\apache-maven-3.5.4-bin\apache-maven-3.5.4/conf/logging"/>
    <property name="sun.java.command" value="jenkins.maven3.agent.Maven35Main D:\Jar2\apache-maven-3.5.4-bin\apache-maven-3.5.4 C:\Users\vshadmin\.jenkins\war\WEB-INF\lib\remoting-3.25.jar C:\Users\vshadmin\.jenkins\plugins\maven-plugin\WEB-INF\lib\maven35-interceptor-1.12.jar C:\Users\vshadmin\.jenkins\plugins\maven-plugin\WEB-INF\lib\maven3-interceptor-commons-1.12.jar 65136"/>
    <property name="Path" value="C:\Program Files\Java\jdk1.8.0_131/bin;C:\oraclexe\app\oracle\product\10.2.0\server\bin;C:\Program Files\Common Files\Microsoft Shared\Microsoft Online Services;C:\Program Files (x86)\Common Files\Microsoft Shared\Microsoft Online Services;C:\Program Files (x86)\Common Files\Oracle\Java\javapath;C:\Windows\system32;C:\Windows;C:\Windows\System32\Wbem;C:\Windows\System32\WindowsPowerShell\v1.0\;C:\Windows\System32\OpenSSH\;C:\Program Files\TortoiseSVN\bin;C:\Users\vshadmin\AppData\Local\Microsoft\WindowsApps;D:\Jar2\apache-maven-3.5.4-bin\apache-maven-3.5.4\bin;D:\Jar2\allure-2.7.0\allure-2.7.0\bin;"/>
    <property name="java.vm.specification.name" value="Java Virtual Machine Specification"/>
    <property name="PROCESSOR_ARCHITECTURE" value="AMD64"/>
    <property name="PATH+JDK" value="C:\Program Files\Java\jdk1.8.0_131/bin"/>
    <property name="PROCESSOR_IDENTIFIER" value="Intel64 Family 6 Model 60 Stepping 3, GenuineIntel"/>
    <property name="SESSIONNAME" value="Console"/>
    <property name="java.vm.specification.version" value="1.8"/>
    <property name="sun.os.patch.level" value=""/>
    <property name="sun.cpu.endian" value="little"/>
    <property name="M2_HOME" value="D:\Jar2\apache-maven-3.5.4-bin\apache-maven-3.5.4"/>
    <property name="=D:" value="D:\Jar2"/>
    <property name="java.io.tmpdir" value="C:\Users\vshadmin\AppData\Local\Temp\"/>
    <property name="OS" value="Windows_NT"/>
    <property name="HUDSON_HOME" value="C:\Users\vshadmin\.jenkins"/>
    <property name="PATH+MAVEN" value="D:\Jar2\apache-maven-3.5.4-bin\apache-maven-3.5.4/bin"/>
    <property name="ProgramFiles(x86)" value="C:\Program Files (x86)"/>
    <property name="BUILD_URL" value="http://localhost:9090/job/DEMOSEL/92/"/>
    <property name="java.vendor.url.bug" value="http://bugreport.sun.com/bugreport/"/>
    <property name="java.awt.graphicsenv" value="sun.awt.Win32GraphicsEnvironment"/>
    <property name="os.arch" value="amd64"/>
    <property name="SystemRoot" value="C:\Windows"/>
    <property name="java.ext.dirs" value="C:\Program Files\Java\jdk1.8.0_131\jre\lib\ext;C:\Windows\Sun\Java\lib\ext"/>
    <property name="user.dir" value="D:\Javaworkspace\SEL756_TSL"/>
    <property name="JOB_URL" value="http://localhost:9090/job/DEMOSEL/"/>
    <property name="LOGONSERVER" value="\\INFVA06186"/>
    <property name="USERDOMAIN" value="INFVA06186"/>
    <property name="line.separator" value="&#10;"/>
    <property name="MAVEN_HOME" value="D:\Jar2\apache-maven-3.5.4-bin\apache-maven-3.5.4"/>
    <property name="java.vm.name" value="Java HotSpot(TM) 64-Bit Server VM"/>
    <property name="BUILD_NUMBER" value="92"/>
    <property name="JENKINS_URL" value="http://localhost:9090/"/>
    <property name="PROCESSOR_REVISION" value="3c03"/>
    <property name="UATDATA" value="C:\Windows\CCM\UATData\D9F8C395-CAB8-491d-B8AC-179A1FE1BE77"/>
    <property name="ProgramW6432" value="C:\Program Files"/>
    <property name="windir" value="C:\Windows"/>
    <property name="=C:" value="C:\Users\vshadmin"/>
    <property name="file.encoding" value="Cp1252"/>
    <property name="SystemDrive" value="C:"/>
    <property name="maven3.interceptor" value="C:\Users\vshadmin\.jenkins\plugins\maven-plugin\WEB-INF\lib\maven35-interceptor-1.12.jar"/>
    <property name="WORKSPACE" value="C:\Users\vshadmin\.jenkins\workspace\DEMOSEL"/>
    <property name="maven3.interceptor.common" value="C:\Users\vshadmin\.jenkins\plugins\maven-plugin\WEB-INF\lib\maven3-interceptor-commons-1.12.jar"/>
    <property name="java.specification.version" value="1.8"/>
    <property name="PSModulePath" value="C:\Program Files\WindowsPowerShell\Modules;C:\Windows\system32\WindowsPowerShell\v1.0\Modules"/>
    <property name="DriverData" value="C:\Windows\System32\Drivers\DriverData"/>
  </properties>
  <testcase name="f" classname="day10.FirstScript" time="2.8"/>
</testsuite>