<?xml version="1.0" encoding="UTF-8"?>
<!-- Generated by org.testng.reporters.JUnitReportReporter -->
<testsuite skipped="0" hostname="Infva06186" name="day10.Ref" tests="1" failures="0" timestamp="15 Mar 2019 21:37:09 GMT" time="0.115" errors="0">
  <testcase name="f" time="0.115" classname="day10.Ref"/>
</testsuite> <!-- day10.Ref -->
