<?xml version="1.0" encoding="UTF-8"?>
<!-- Generated by org.testng.reporters.JUnitReportReporter -->
<testsuite skipped="0" hostname="Infva06186" name="day10.CsvRead" tests="1" failures="0" timestamp="15 Mar 2019 18:59:24 GMT" time="0.046" errors="0">
  <testcase name="f" time="0.046" classname="day10.CsvRead"/>
</testsuite> <!-- day10.CsvRead -->
